This file contains any messages produced by compilers while
running configure, to aid debugging if configure makes a mistake.

configure:765: checking host system type
configure:815: checking for a BSD compatible install
configure:868: checking whether build environment is sane
configure:925: checking whether make sets ${MAKE}
configure:971: checking for working aclocal
configure:984: checking for working autoconf
configure:997: checking for working automake
configure:1010: checking for working autoheader
configure:1023: checking for working makeinfo
configure:1047: checking for gcc
configure:1160: checking whether the C compiler (gcc  ) works
configure:1176: gcc -o conftest    conftest.c  1>&5
configure:1202: checking whether the C compiler (gcc  ) is a cross-compiler
configure:1207: checking whether we are using GNU C
configure:1235: checking whether gcc accepts -g
configure:1278: checking for a BSD compatible install
configure:1331: checking how to run the C preprocessor
configure:1413: checking for rm
configure:1449: checking for mv
configure:1485: checking for tar
configure:1523: checking for gcc option to accept ANSI C
configure:1602: checking for function prototypes
configure:1763: checking for Cygwin environment
configure:1796: checking for mingw32 environment
configure:1894: checking build system type
configure:1923: checking for ld used by GCC
configure:1991: checking if the linker (/usr/i486-suse-linux/bin/ld) is GNU ld
configure:2008: checking for /usr/i486-suse-linux/bin/ld option to reload object files
configure:2020: checking for BSD-compatible nm
configure:2058: checking whether ln -s works
configure:2079: checking how to recognise dependant libraries
configure:2252: checking for object suffix
configure:2278: checking for executable suffix
configure:2319: checking command to parse /usr/bin/nm -B output
configure:2495: checking for dlfcn.h
configure:2673: checking for ranlib
configure:2740: checking for strip
configure:2976: checking for objdir
configure:3003: checking for gcc option to produce PIC
configure:3155: checking if gcc PIC flag                     -fPIC works
configure:3221: checking if gcc static flag -static works
configure:3263: checking if gcc supports -c -o file.o
configure:3311: checking if gcc supports -c -o file.lo
configure:3376: checking if gcc supports -fno-rtti -fno-exceptions
configure:3389: gcc -c -g -O2 -fno-rtti -fno-exceptions -c conftest.c  conftest.c 1>&5
configure:3416: checking whether the linker (/usr/i486-suse-linux/bin/ld) supports shared libraries
configure:4032: checking how to hardcode library paths into programs
configure:4060: checking whether stripping libraries is possible
configure:4074: checking dynamic linker characteristics
configure:4460: checking if libtool supports shared libraries
configure:4953: checking whether -lc should be explicitly linked in
configure:5552: checking whether to enable maintainer-specific portions of Makefiles
configure:5598: checking for zlib.h
configure:5629: checking for gzread in -lz
configure:5701: checking for dirent.h that defines DIR
configure:5739: checking for opendir in -ldir
configure:5822: checking for ANSI C header files
configure:5929: checking for fcntl.h
configure:5929: checking for unistd.h
configure:5929: checking for ctype.h
configure:5929: checking for dirent.h
configure:5929: checking for errno.h
configure:5929: checking for malloc.h
configure:5969: checking for stdarg.h
configure:5969: checking for sys/stat.h
configure:5969: checking for sys/types.h
configure:5969: checking for time.h
configure:5969: checking for ansidecl.h
configure:6009: checking for ieeefp.h
configure:6009: checking for nan.h
configure:6009: checking for math.h
configure:6009: checking for fp_class.h
configure:6009: checking for float.h
configure:6049: checking for stdlib.h
configure:6049: checking for sys/socket.h
configure:6049: checking for netinet/in.h
configure:6049: checking for arpa/inet.h
configure:6089: checking for netdb.h
configure:6089: checking for sys/time.h
configure:6089: checking for sys/select.h
configure:6089: checking for sys/mman.h
configure:6129: checking for signal.h
configure:6175: checking for strftime
configure:6273: checking for strdup
configure:6273: checking for strndup
configure:6273: checking for strerror
configure:6328: checking for finite
configure:6328: checking for isnand
configure:6328: checking for fp_class
configure:6328: checking for class
configure:6328: checking for fpclass
configure:6383: checking for strftime
configure:6383: checking for localtime
configure:6438: checking for stat
configure:6438: checking for _stat
configure:6438: checking for signal
configure:6494: checking for printf
configure:6494: checking for sprintf
configure:6494: checking for fprintf
configure:6494: checking for snprintf
configure:6494: checking for vfprintf
configure:6494: checking for vsprintf
configure:6494: checking for vsnprintf
configure:6494: checking for sscanf
configure:6549: checking for gethostent
configure:6644: checking for setsockopt
configure:6739: checking for connect
configure:6835: checking for type of socket length (socklen_t)
configure:6848: gcc -c -g -O2  conftest.c 1>&5
configure:6915: checking for isnan
configure:7007: checking for isinf
configure:7151: checking for python
configure:7777: checking for iconv.h
configure:7804: checking for iconv
configure:7816: gcc -o conftest -g -O2 -Wall   conftest.c  1>&5
