This file contains any messages produced by compilers while
running configure, to aid debugging if configure makes a mistake.

configure:765: checking host system type
configure:815: checking for a BSD compatible install
configure:868: checking whether build environment is sane
configure:925: checking whether make sets ${MAKE}
configure:971: checking for working aclocal
configure:984: checking for working autoconf
configure:997: checking for working automake
configure:1010: checking for working autoheader
configure:1023: checking for working makeinfo
configure:1047: checking for gcc
configure:1160: checking whether the C compiler (gcc  ) works
configure:1176: gcc -o conftest    conftest.c  1>&5
configure:1202: checking whether the C compiler (gcc  ) is a cross-compiler
configure:1207: checking whether we are using GNU C
configure:1216: gcc -E conftest.c
configure:1235: checking whether gcc accepts -g
configure:1278: checking for a BSD compatible install
configure:1331: checking how to run the C preprocessor
configure:1413: checking for rm
configure:1449: checking for mv
configure:1485: checking for tar
configure:1523: checking for gcc option to accept ANSI C
configure:1576: gcc  -c -g -O2  conftest.c 1>&5
configure:1602: checking for function prototypes
configure:1763: checking for Cygwin environment
configure:1796: checking for mingw32 environment
configure:1894: checking build system type
configure:1923: checking for ld used by GCC
configure:1991: checking if the linker (/usr/i486-suse-linux/bin/ld) is GNU ld
GNU ld version 2.11.92.0.10 20011021 (SuSE)
configure:2008: checking for /usr/i486-suse-linux/bin/ld option to reload object files
configure:2020: checking for BSD-compatible nm
configure:2058: checking whether ln -s works
configure:2079: checking how to recognise dependant libraries
configure:2252: checking for object suffix
configure:2258: gcc -c -g -O2  conftest.c 1>&5
configure:2278: checking for executable suffix
configure:2288: gcc -o conftest -g -O2   conftest.c  1>&5
configure:2319: checking command to parse /usr/bin/nm -B output
configure:2395: gcc -c -g -O2  conftest.c 1>&5
configure:2398: /usr/bin/nm -B conftest.o | sed -n -e 's/^.*[ ]\([ABCDGISTW][ABCDGISTW]*\)[ ][ ]*\(\)\([_A-Za-z][_A-Za-z0-9]*\)$/\1 \2\3 \3/p' > conftest.nm
configure:2449: gcc -o conftest -g -O2   conftest.c conftstm.o 1>&5
configure:2495: checking for dlfcn.h
configure:2505: cc -E  conftest.c >/dev/null 2>conftest.out
configure:2673: checking for ranlib
configure:2740: checking for strip
configure:2976: checking for objdir
configure:3003: checking for gcc option to produce PIC
configure:3155: checking if gcc PIC flag -fPIC works
configure:3169: gcc -c -g -O2 -fPIC -DPIC  conftest.c 1>&5
configure:3221: checking if gcc static flag -static works
configure:3236: gcc -o conftest -g -O2   -static conftest.c  1>&5
configure:3263: checking if gcc supports -c -o file.o
configure:3282: gcc -c -g -O2 -o out/conftest2.o  conftest.c 1>&5
configure:3311: checking if gcc supports -c -o file.lo
configure:3327: gcc -c -g -O2 -c -o conftest.lo  conftest.c 1>&5
configure:3376: checking if gcc supports -fno-rtti -fno-exceptions
configure:3389: gcc -c -g -O2 -fno-rtti -fno-exceptions -c conftest.c  conftest.c 1>&5
configure:3416: checking whether the linker (/usr/i486-suse-linux/bin/ld) supports shared libraries
configure:4032: checking how to hardcode library paths into programs
configure:4060: checking whether stripping libraries is possible
configure:4074: checking dynamic linker characteristics
configure:4460: checking if libtool supports shared libraries
configure:4953: checking whether -lc should be explicitly linked in
configure:4960: gcc -c -g -O2  conftest.c 1>&5
configure:4973: gcc -shared conftest.o  -v -Wl,-soname -Wl,conftest -o conftest 2>&1 | grep  -lc  >/dev/null 2>&1
configure:5552: checking whether to enable maintainer-specific portions of Makefiles
configure:5598: checking for zlib.h
configure:5608: cc -E  conftest.c >/dev/null 2>conftest.out
configure:5629: checking for gzread in -lz
configure:5648: gcc -o conftest -g -O2   conftest.c -lz   1>&5
configure:5701: checking for dirent.h that defines DIR
configure:5739: checking for opendir in -ldir
configure:5822: checking for ANSI C header files
configure:5835: cc -E  conftest.c >/dev/null 2>conftest.out
configure:5902: gcc -o conftest -g -O2   conftest.c  1>&5
configure:5929: checking for fcntl.h
configure:5939: cc -E  conftest.c >/dev/null 2>conftest.out
configure:5929: checking for unistd.h
configure:5929: checking for ctype.h
configure:5939: cc -E  conftest.c >/dev/null 2>conftest.out
configure:5929: checking for dirent.h
configure:5939: cc -E  conftest.c >/dev/null 2>conftest.out
configure:5929: checking for errno.h
configure:5939: cc -E  conftest.c >/dev/null 2>conftest.out
configure:5929: checking for malloc.h
configure:5939: cc -E  conftest.c >/dev/null 2>conftest.out
configure:5969: checking for stdarg.h
configure:5979: cc -E  conftest.c >/dev/null 2>conftest.out
configure:5969: checking for sys/stat.h
configure:5979: cc -E  conftest.c >/dev/null 2>conftest.out
configure:5969: checking for sys/types.h
configure:5979: cc -E  conftest.c >/dev/null 2>conftest.out
configure:5969: checking for time.h
configure:5979: cc -E  conftest.c >/dev/null 2>conftest.out
configure:5969: checking for ansidecl.h
configure:5979: cc -E  conftest.c >/dev/null 2>conftest.out
configure:6009: checking for ieeefp.h
configure:6019: cc -E  conftest.c >/dev/null 2>conftest.out
configure:6015: ieeefp.h: No such file or directory
configure: failed program was:
#line 6014 "configure"
#include "confdefs.h"
#include <ieeefp.h>
configure:6009: checking for nan.h
configure:6019: cc -E  conftest.c >/dev/null 2>conftest.out
configure:6015: nan.h: No such file or directory
configure: failed program was:
#line 6014 "configure"
#include "confdefs.h"
#include <nan.h>
configure:6009: checking for math.h
configure:6019: cc -E  conftest.c >/dev/null 2>conftest.out
configure:6009: checking for fp_class.h
configure:6019: cc -E  conftest.c >/dev/null 2>conftest.out
configure:6015: fp_class.h: No such file or directory
configure: failed program was:
#line 6014 "configure"
#include "confdefs.h"
#include <fp_class.h>
configure:6009: checking for float.h
configure:6019: cc -E  conftest.c >/dev/null 2>conftest.out
configure:6049: checking for stdlib.h
configure:6059: cc -E  conftest.c >/dev/null 2>conftest.out
configure:6049: checking for sys/socket.h
configure:6059: cc -E  conftest.c >/dev/null 2>conftest.out
configure:6049: checking for netinet/in.h
configure:6059: cc -E  conftest.c >/dev/null 2>conftest.out
configure:6049: checking for arpa/inet.h
configure:6059: cc -E  conftest.c >/dev/null 2>conftest.out
configure:6089: checking for netdb.h
configure:6099: cc -E  conftest.c >/dev/null 2>conftest.out
configure:6089: checking for sys/time.h
configure:6099: cc -E  conftest.c >/dev/null 2>conftest.out
configure:6089: checking for sys/select.h
configure:6099: cc -E  conftest.c >/dev/null 2>conftest.out
configure:6089: checking for sys/mman.h
configure:6099: cc -E  conftest.c >/dev/null 2>conftest.out
configure:6129: checking for signal.h
configure:6139: cc -E  conftest.c >/dev/null 2>conftest.out
configure:6175: checking for strftime
configure:6203: gcc -o conftest -g -O2   conftest.c  1>&5
configure:6273: checking for strdup
configure:6273: checking for strndup
configure:6301: gcc -o conftest -g -O2   conftest.c  1>&5
configure:6273: checking for strerror
configure:6301: gcc -o conftest -g -O2   conftest.c  1>&5
configure:6328: checking for finite
configure:6356: gcc -o conftest -g -O2   conftest.c  1>&5
configure:6328: checking for isnand
configure:6356: gcc -o conftest -g -O2   conftest.c  1>&5
/tmp/ccZHpuhP.o: In function `main':
/home/dibyendu/yase/yase-1.0.8/libxml2-2.4.15/configure:6350: undefined reference to `isnand'
collect2: ld returned 1 exit status
configure: failed program was:
#line 6333 "configure"
#include "confdefs.h"
/* System header to define __stub macros and hopefully few prototypes,
    which can conflict with char isnand(); below.  */
#include <assert.h>
/* Override any gcc2 internal prototype to avoid an error.  */
/* We use char because int might match the return type of a gcc2
    builtin and then its argument prototype would still apply.  */
char isnand();

int main() {

/* The GNU C library defines this for functions which it implements
    to always fail with ENOSYS.  Some functions are actually named
    something starting with __ and the normal name is an alias.  */
#if defined (__stub_isnand) || defined (__stub___isnand)
choke me
#else
isnand();
#endif

; return 0; }
configure:6328: checking for fp_class
configure:6356: gcc -o conftest -g -O2   conftest.c  1>&5
/tmp/ccyLX1ao.o: In function `main':
/home/dibyendu/yase/yase-1.0.8/libxml2-2.4.15/configure:6350: undefined reference to `fp_class'
collect2: ld returned 1 exit status
configure: failed program was:
#line 6333 "configure"
#include "confdefs.h"
/* System header to define __stub macros and hopefully few prototypes,
    which can conflict with char fp_class(); below.  */
#include <assert.h>
/* Override any gcc2 internal prototype to avoid an error.  */
/* We use char because int might match the return type of a gcc2
    builtin and then its argument prototype would still apply.  */
char fp_class();

int main() {

/* The GNU C library defines this for functions which it implements
    to always fail with ENOSYS.  Some functions are actually named
    something starting with __ and the normal name is an alias.  */
#if defined (__stub_fp_class) || defined (__stub___fp_class)
choke me
#else
fp_class();
#endif

; return 0; }
configure:6328: checking for class
configure:6356: gcc -o conftest -g -O2   conftest.c  1>&5
/tmp/ccWyAuAQ.o: In function `main':
/home/dibyendu/yase/yase-1.0.8/libxml2-2.4.15/configure:6350: undefined reference to `class'
collect2: ld returned 1 exit status
configure: failed program was:
#line 6333 "configure"
#include "confdefs.h"
/* System header to define __stub macros and hopefully few prototypes,
    which can conflict with char class(); below.  */
#include <assert.h>
/* Override any gcc2 internal prototype to avoid an error.  */
/* We use char because int might match the return type of a gcc2
    builtin and then its argument prototype would still apply.  */
char class();

int main() {

/* The GNU C library defines this for functions which it implements
    to always fail with ENOSYS.  Some functions are actually named
    something starting with __ and the normal name is an alias.  */
#if defined (__stub_class) || defined (__stub___class)
choke me
#else
class();
#endif

; return 0; }
configure:6328: checking for fpclass
configure:6356: gcc -o conftest -g -O2   conftest.c  1>&5
/tmp/cc4dHrve.o: In function `main':
/home/dibyendu/yase/yase-1.0.8/libxml2-2.4.15/configure:6350: undefined reference to `fpclass'
collect2: ld returned 1 exit status
configure: failed program was:
#line 6333 "configure"
#include "confdefs.h"
/* System header to define __stub macros and hopefully few prototypes,
    which can conflict with char fpclass(); below.  */
#include <assert.h>
/* Override any gcc2 internal prototype to avoid an error.  */
/* We use char because int might match the return type of a gcc2
    builtin and then its argument prototype would still apply.  */
char fpclass();

int main() {

/* The GNU C library defines this for functions which it implements
    to always fail with ENOSYS.  Some functions are actually named
    something starting with __ and the normal name is an alias.  */
#if defined (__stub_fpclass) || defined (__stub___fpclass)
choke me
#else
fpclass();
#endif

; return 0; }
configure:6383: checking for strftime
configure:6383: checking for localtime
configure:6411: gcc -o conftest -g -O2   conftest.c  1>&5
configure:6438: checking for stat
configure:6466: gcc -o conftest -g -O2   conftest.c  1>&5
configure:6438: checking for _stat
configure:6466: gcc -o conftest -g -O2   conftest.c  1>&5
/tmp/ccyu5mwx.o: In function `main':
/home/dibyendu/yase/yase-1.0.8/libxml2-2.4.15/configure:6460: undefined reference to `_stat'
collect2: ld returned 1 exit status
configure: failed program was:
#line 6443 "configure"
#include "confdefs.h"
/* System header to define __stub macros and hopefully few prototypes,
    which can conflict with char _stat(); below.  */
#include <assert.h>
/* Override any gcc2 internal prototype to avoid an error.  */
/* We use char because int might match the return type of a gcc2
    builtin and then its argument prototype would still apply.  */
char _stat();

int main() {

/* The GNU C library defines this for functions which it implements
    to always fail with ENOSYS.  Some functions are actually named
    something starting with __ and the normal name is an alias.  */
#if defined (__stub__stat) || defined (__stub____stat)
choke me
#else
_stat();
#endif

; return 0; }
configure:6438: checking for signal
configure:6466: gcc -o conftest -g -O2   conftest.c  1>&5
configure:6494: checking for printf
configure:6522: gcc -o conftest -g -O2   conftest.c  1>&5
configure:6494: checking for sprintf
configure:6522: gcc -o conftest -g -O2   conftest.c  1>&5
configure:6494: checking for fprintf
configure:6522: gcc -o conftest -g -O2   conftest.c  1>&5
configure:6494: checking for snprintf
configure:6494: checking for vfprintf
configure:6522: gcc -o conftest -g -O2   conftest.c  1>&5
configure:6494: checking for vsprintf
configure:6522: gcc -o conftest -g -O2   conftest.c  1>&5
configure:6494: checking for vsnprintf
configure:6522: gcc -o conftest -g -O2   conftest.c  1>&5
configure:6494: checking for sscanf
configure:6522: gcc -o conftest -g -O2   conftest.c  1>&5
configure:6549: checking for gethostent
configure:6577: gcc -o conftest -g -O2   conftest.c  1>&5
configure:6644: checking for setsockopt
configure:6672: gcc -o conftest -g -O2   conftest.c  1>&5
configure:6739: checking for connect
configure:6767: gcc -o conftest -g -O2   conftest.c  1>&5
configure:6835: checking for type of socket length (socklen_t)
configure:6848: gcc -c -g -O2  conftest.c 1>&5
configure:6915: checking for isnan
configure:6943: gcc -o conftest -g -O2   conftest.c  1>&5
configure:7007: checking for isinf
configure:7035: gcc -o conftest -g -O2   conftest.c  1>&5
configure:7151: checking for python
configure:7777: checking for iconv.h
configure:7787: cc -E  conftest.c >/dev/null 2>conftest.out
configure:7804: checking for iconv
configure:7816: gcc -o conftest -g -O2 -Wall   conftest.c  1>&5
